# JRE version: OpenJDK Runtime Environment Corretto-20.0.2.10.1 (20.0.2.1+10) (build 20.0.2.1+10-FR)
# Java VM: OpenJDK 64-Bit Server VM Corretto-20.0.2.10.1 (20.0.2.1+10-FR, mixed mode, sharing, tiered, compressed oops, compressed class ptrs, g1 gc, windows-amd64)
GC Precious Log:
 CardTable entry size: 512
 Card Set container configuration: InlinePtr #cards 5 size 8 Array Of Cards #cards 12 size 40 Howl #buckets 4 coarsen threshold 1843 Howl Bitmap #cards 512 size 80 coarsen threshold 460 Card regions per heap region 1 cards per card region 2048
 CPUs: 8 total, 8 available
 Memory: 8025M
 Large Page Support: Disabled
 NUMA Support: Disabled
 Compressed Oops: Enabled (32-bit)
 Heap Region Size: 1M
 Heap Min Capacity: 8M
 Heap Initial Capacity: 126M
 Heap Max Capacity: 2008M
 Pre-touch: Disabled
 Parallel Workers: 8
 Concurrent Workers: 2
 Concurrent Refinement Workers: 8
 Periodic GC: Disabled
Heap:
 garbage-first heap   total 86016K, used 61440K [0x0000000082800000, 0x0000000100000000)
  region size 1024K, 18 young (18432K), 4 survivors (4096K)
 Metaspace       used 49484K, committed 49792K, reserved 1114112K
  class space    used 5667K, committed 5824K, reserved 1048576K
GC Heap History (20 events):
Event: 0.428 GC heap before
{Heap before GC invocations=0 (full 0):
 garbage-first heap   total 129024K, used 27648K [0x0000000082800000, 0x0000000100000000)
  region size 1024K, 23 young (23552K), 0 survivors (0K)
 Metaspace       used 6726K, committed 6912K, reserved 1114112K
  class space    used 670K, committed 768K, reserved 1048576K
}
Event: 0.431 GC heap after
{Heap after GC invocations=1 (full 0):
 garbage-first heap   total 129024K, used 6932K [0x0000000082800000, 0x0000000100000000)
  region size 1024K, 3 young (3072K), 3 survivors (3072K)
 Metaspace       used 6726K, committed 6912K, reserved 1114112K
  class space    used 670K, committed 768K, reserved 1048576K
}
Event: 0.892 GC heap before
{Heap before GC invocations=1 (full 0):
 garbage-first heap   total 129024K, used 40724K [0x0000000082800000, 0x0000000100000000)
  region size 1024K, 37 young (37888K), 3 survivors (3072K)
 Metaspace       used 16644K, committed 16896K, reserved 1114112K
  class space    used 1856K, committed 1984K, reserved 1048576K
}
Event: 0.897 GC heap after
{Heap after GC invocations=2 (full 0):
 garbage-first heap   total 129024K, used 9202K [0x0000000082800000, 0x0000000100000000)
  region size 1024K, 3 young (3072K), 3 survivors (3072K)
 Metaspace       used 16644K, committed 16896K, reserved 1114112K
  class space    used 1856K, committed 1984K, reserved 1048576K
}
Event: 1.231 GC heap before
{Heap before GC invocations=2 (full 0):
 garbage-first heap   total 129024K, used 34802K [0x0000000082800000, 0x0000000100000000)
  region size 1024K, 29 young (29696K), 3 survivors (3072K)
 Metaspace       used 21201K, committed 21504K, reserved 1114112K
  class space    used 2339K, committed 2496K, reserved 1048576K
}
Event: 1.236 GC heap after
{Heap after GC invocations=3 (full 0):
 garbage-first heap   total 129024K, used 13497K [0x0000000082800000, 0x0000000100000000)
  region size 1024K, 7 young (7168K), 7 survivors (7168K)
 Metaspace       used 21201K, committed 21504K, reserved 1114112K
  class space    used 2339K, committed 2496K, reserved 1048576K
}
Event: 1.741 GC heap before
{Heap before GC invocations=4 (full 0):
 garbage-first heap   total 55296K, used 54457K [0x0000000082800000, 0x0000000100000000)
  region size 1024K, 47 young (48128K), 7 survivors (7168K)
 Metaspace       used 30504K, committed 30848K, reserved 1114112K
  class space    used 3815K, committed 3968K, reserved 1048576K
}
Event: 1.751 GC heap after
{Heap after GC invocations=5 (full 0):
 garbage-first heap   total 66560K, used 17125K [0x0000000082800000, 0x0000000100000000)
  region size 1024K, 8 young (8192K), 8 survivors (8192K)
 Metaspace       used 30504K, committed 30848K, reserved 1114112K
  class space    used 3815K, committed 3968K, reserved 1048576K
}
Event: 2.042 GC heap before
{Heap before GC invocations=5 (full 0):
 garbage-first heap   total 66560K, used 35557K [0x0000000082800000, 0x0000000100000000)
  region size 1024K, 28 young (28672K), 8 survivors (8192K)
 Metaspace       used 35708K, committed 35968K, reserved 1114112K
  class space    used 4323K, committed 4416K, reserved 1048576K
}
Event: 2.051 GC heap after
{Heap after GC invocations=6 (full 0):
 garbage-first heap   total 66560K, used 18944K [0x0000000082800000, 0x0000000100000000)
  region size 1024K, 2 young (2048K), 2 survivors (2048K)
 Metaspace       used 35708K, committed 35968K, reserved 1114112K
  class space    used 4323K, committed 4416K, reserved 1048576K
}
Event: 2.063 GC heap before
{Heap before GC invocations=6 (full 0):
 garbage-first heap   total 66560K, used 19968K [0x0000000082800000, 0x0000000100000000)
  region size 1024K, 4 young (4096K), 2 survivors (2048K)
 Metaspace       used 35992K, committed 36288K, reserved 1114112K
  class space    used 4352K, committed 4480K, reserved 1048576K
}
Event: 2.065 GC heap after
{Heap after GC invocations=7 (full 0):
 garbage-first heap   total 66560K, used 18944K [0x0000000082800000, 0x0000000100000000)
  region size 1024K, 2 young (2048K), 2 survivors (2048K)
 Metaspace       used 35992K, committed 36288K, reserved 1114112K
  class space    used 4352K, committed 4480K, reserved 1048576K
}
Event: 2.492 GC heap before
{Heap before GC invocations=8 (full 0):
 garbage-first heap   total 66560K, used 57856K [0x0000000082800000, 0x0000000100000000)
  region size 1024K, 39 young (39936K), 2 survivors (2048K)
 Metaspace       used 41218K, committed 41536K, reserved 1114112K
  class space    used 4885K, committed 4992K, reserved 1048576K
}
Event: 2.500 GC heap after
{Heap after GC invocations=9 (full 0):
 garbage-first heap   total 80896K, used 25216K [0x0000000082800000, 0x0000000100000000)
  region size 1024K, 5 young (5120K), 5 survivors (5120K)
 Metaspace       used 41218K, committed 41536K, reserved 1114112K
  class space    used 4885K, committed 4992K, reserved 1048576K
}
Event: 2.811 GC heap before
{Heap before GC invocations=9 (full 0):
 garbage-first heap   total 80896K, used 67200K [0x0000000082800000, 0x0000000100000000)
  region size 1024K, 47 young (48128K), 5 survivors (5120K)
 Metaspace       used 44483K, committed 44800K, reserved 1114112K
  class space    used 5225K, committed 5376K, reserved 1048576K
}
Event: 2.827 GC heap after
{Heap after GC invocations=10 (full 0):
 garbage-first heap   total 86016K, used 36864K [0x0000000082800000, 0x0000000100000000)
  region size 1024K, 6 young (6144K), 6 survivors (6144K)
 Metaspace       used 44483K, committed 44800K, reserved 1114112K
  class space    used 5225K, committed 5376K, reserved 1048576K
}
Event: 3.297 GC heap before
{Heap before GC invocations=10 (full 0):
 garbage-first heap   total 86016K, used 70656K [0x0000000082800000, 0x0000000100000000)
  region size 1024K, 39 young (39936K), 6 survivors (6144K)
 Metaspace       used 46821K, committed 47168K, reserved 1114112K
  class space    used 5494K, committed 5632K, reserved 1048576K
}
Event: 3.310 GC heap after
{Heap after GC invocations=11 (full 0):
 garbage-first heap   total 86016K, used 43520K [0x0000000082800000, 0x0000000100000000)
  region size 1024K, 5 young (5120K), 5 survivors (5120K)
 Metaspace       used 46821K, committed 47168K, reserved 1114112K
  class space    used 5494K, committed 5632K, reserved 1048576K
}
Event: 3.734 GC heap before
{Heap before GC invocations=11 (full 0):
 garbage-first heap   total 86016K, used 71168K [0x0000000082800000, 0x0000000100000000)
  region size 1024K, 32 young (32768K), 5 survivors (5120K)
 Metaspace       used 47877K, committed 48192K, reserved 1114112K
  class space    used 5545K, committed 5696K, reserved 1048576K
}
Event: 3.747 GC heap after
{Heap after GC invocations=12 (full 0):
 garbage-first heap   total 86016K, used 49152K [0x0000000082800000, 0x0000000100000000)
  region size 1024K, 4 young (4096K), 4 survivors (4096K)
 Metaspace       used 47877K, committed 48192K, reserved 1114112K
  class space    used 5545K, committed 5696K, reserved 1048576K
}

